1
0
1
ASSEMBLY
3
CONCRETEPATH-1
CONCRETEPATH
STEELBEAMSPAN-1
STEELBEAMSPAN
STEELBEAMSPAN-2
STEELBEAMSPAN
3
CONCRETEPATH-1
14
-2147483646
0
48 1 16 5 0 1 0 -1 -1 968 1 -1879048189 1 968 
14
48 1 16 5 0 1 0 -1 -1 968 1 -1879048189 1 968 
STEELBEAMSPAN-1
14
-2147483646
0
48 1 16 5 0 1 0 -1 -1 17794 1 -1879048189 969 17794 
14
48 1 16 5 0 1 0 -1 -1 17794 1 -1879048189 1 17794 
STEELBEAMSPAN-2
14
-2147483646
0
48 1 16 5 0 1 0 -1 -1 17794 1 -1879048189 18763 17794 
14
48 1 16 5 0 1 0 -1 -1 17794 1 -1879048189 1 17794 
0
3
CONCRETEPATH-1
14
-2147483646
0
48 1 16 5 0 1 0 -1 -1 516 1 -1879048189 1 516 
14
48 1 16 5 0 1 0 -1 -1 516 1 -1879048189 1 516 
STEELBEAMSPAN-1
14
-2147483646
0
48 1 16 5 0 1 0 -1 -1 10825 1 -1879048189 517 10825 
14
48 1 16 5 0 1 0 -1 -1 10825 1 -1879048189 1 10825 
STEELBEAMSPAN-2
14
-2147483646
0
48 1 16 5 0 1 0 -1 -1 10825 1 -1879048189 11342 10825 
14
48 1 16 5 0 1 0 -1 -1 10825 1 -1879048189 1 10825 
0
13

0
2
0
3
CONCRETEPATH-1
14
-2147483647
48 1 16 5 0 1 0 -1 -1 516 1 -1879048189 1 516 
STEELBEAMSPAN-1
14
-2147483647
48 1 16 5 0 1 0 -1 -1 10825 1 -1879048189 517 10825 
STEELBEAMSPAN-2
14
-2147483647
48 1 16 5 0 1 0 -1 -1 10825 1 -1879048189 11342 10825 
0
SET-1
0
1
0
3
CONCRETEPATH-1
24
1 2 3 4 5 6 7 8 9 10 11 12 505 506 507 508 509 510 511 512 513 514 515 516 
STEELBEAMSPAN-1
50
517 518 519 520 521 522 523 524 525 526 527 528 529 530 531 532 533 534 535 536 537 538 539 540 541 11317 11318 11319 11320 11321 11322 11323 11324 11325 11326 11327 11328 11329 11330 11331 11332 11333 11334 11335 11336 11337 11338 11339 11340 11341 
STEELBEAMSPAN-2
50
11342 11343 11344 11345 11346 11347 11348 11349 11350 11351 11352 11353 11354 11355 11356 11357 11358 11359 11360 11361 11362 11363 11364 11365 11366 22142 22143 22144 22145 22146 22147 22148 22149 22150 22151 22152 22153 22154 22155 22156 22157 22158 22159 22160 22161 22162 22163 22164 22165 22166 
0
SET-2
0
1
0
2
STEELBEAMSPAN-1
15
5892 5893 5894 5895 5912 5917 5918 5919 5920 5937 5942 5943 5944 5945 5962 
STEELBEAMSPAN-2
15
16717 16718 16719 16720 16737 16742 16743 16744 16745 16762 16767 16768 16769 16770 16787 
0
WarnElemDistorted
0
1
0
3
CONCRETEPATH-1
86
6 10 18 22 30 34 42 46 54 58 66 70 78 82 90 94 102 106 114 118 126 130 138 142 150 154 162 166 174 178 186 190 198 202 210 214 222 226 234 238 246 250 258 262 270 274 282 286 294 298 306 310 318 322 330 334 342 346 354 358 366 370 378 382 390 394 402 406 414 418 426 430 438 442 450 454 462 466 474 478 486 490 498 502 510 514 
STEELBEAMSPAN-1
353
-2147483647
1404 1 16 344 0 1 0 -1 -1 3568 1 -1073741821 518 10848 -1844739767 86251266 1544177710 548934800 1380020265 -1062960416 193022213 605487762 172502533 -1206611876 1097869600 -1534926766 -2125920832 386044427 1210975524 345005066 1881743544 -2099228095 1225113764 43125633 772088855 -1873016248 690010132 -531480208 96511106 -1844739767 86251266 1544177710 548934800 1380020265 -1062960416 193022213 605487762 172502533 -1206611876 1097869600 -1534926766 -2125920832 386044427 1210975524 345005066 1881743544 -2099228095 1225113764 43125633 772088855 -1873016248 690010132 -531480208 96511106 -1844739767 86251266 1544177710 548934800 1380020265 -1062960416 193022213 605487762 172502533 -1206611876 1097869600 -1534926766 -2125920832 386044427 1210975524 345005066 1881743544 -2099228095 1225113764 43125633 772088855 -1873016248 690010132 -531480208 96511106 -1844739767 86251266 1544177710 548934800 1380020265 -1062960416 193022213 605487762 172502533 -1206611876 1097869600 -1534926766 -2125920832 386044427 1210975524 345005066 1881743544 -2099228095 1225113764 43125633 772088855 -1873016248 690010132 -531480208 96511106 -1844739767 86251266 1544177710 548934800 1380020265 -1062960416 193022213 605487762 172502533 -1206611876 1097869600 -1534926766 -2125920832 386044427 1210975524 345005066 1881743544 -2099228095 1225113764 43125633 772088855 -1873016248 690010132 -531480208 96511106 -1844739767 86251266 1544177710 548934800 1380020265 -1062960416 193022213 605487762 172502533 -1206611876 1097869600 -1534926766 -2125920832 386044427 1210975524 345005066 1881743544 -2099228095 1225113764 43125633 772088855 -1873016248 690010132 -531480208 96511106 -1844739767 86251266 1544177710 548934800 1380020265 -1062960416 193022213 605487762 172502533 -1206611876 1097869600 -1534926766 -2125920832 386044427 1210975524 345005066 1881743544 -2099228095 1225113764 43125633 772088855 -1873016248 690010132 -531480208 96511106 -1844739767 86251266 1544177710 548934800 1380020265 -1062960416 193022213 605487762 172502533 -1206611876 -1049614048 667082899 -2108717631 386178827 2083391806 620256274 1883893944 -1025469471 1334165799 77532034 772357655 -128183684 1240512548 -527179408 -2050938942 -1626635697 155064068 1544715310 -256367368 -1813942199 -1054358816 193089413 1008141471 309865993 -1205538724 -1049605664 646111379 -2108881471 386177547 1747847476 617634834 1883873464 -2099211455 1292222758 77204354 772355095 -1873014168 1226881060 -527285904 96543874 -1844739511 153360132 1544701998 548938896 -1841205175 -1054571808 193087749 605488274 306720265 -1205563300 1097877792 612556946 -2109143615 386175499 1210976548 613440530 1883840696 -2099211711 1225113892 76680066 772350999 -1873014200 1226881060 -535674512 96478338 -1844739767 86251266 1544177710 548934800 1380020265 -1062960416 193022213 605487762 172502533 -1206611876 1097869600 -1534926766 -2125920832 386044427 1210975524 345005066 1881743544 -2099228095 1225113764 43125633 772088855 -1873016248 690010132 -531480208 96511106 -1844739767 86251266 1544177710 548934800 1380020265 -1062960416 193022213 605487762 172502533 -1206611876 1097869600 -1534926766 -2125920832 386044427 1210975524 345005066 1881743544 -2099228095 1225113764 43125633 772088855 -1873016248 690010132 -531480208 96511106 -1844739767 86251266 1544177710 548934800 1380020265 -1062960416 193022213 605487762 172502533 -1206611876 1097869600 -1534926766 -2125920832 386044427 1210975524 345005066 1881743544 -2099228095 1225113764 43125633 772088855 -1873016248 690010132 -531480208 96511106 -1844739767 86251266 1544177710 548934800 1380020265 -1062960416 193022213 605487762 172502533 -1206611876 1097869600 -1534926766 -2125920832 11 
STEELBEAMSPAN-2
353
-2147483647
1404 1 16 344 0 1 0 -1 -1 3568 1 -1073741821 11343 10848 -1844739767 86251266 1544177710 548934800 1380020265 -1062960416 193022213 605487762 172502533 -1206611876 1097869600 -1534926766 -2125920832 386044427 1210975524 345005066 1881743544 -2099228095 1225113764 43125633 772088855 -1873016248 690010132 -531480208 96511106 -1844739767 86251266 1544177710 548934800 1380020265 -1062960416 193022213 605487762 172502533 -1206611876 1097869600 -1534926766 -2125920832 386044427 1210975524 345005066 1881743544 -2099228095 1225113764 43125633 772088855 -1873016248 690010132 -531480208 96511106 -1844739767 86251266 1544177710 548934800 1380020265 -1062960416 193022213 605487762 172502533 -1206611876 1097869600 -1534926766 -2125920832 386044427 1210975524 345005066 1881743544 -2099228095 1225113764 43125633 772088855 -1873016248 690010132 -531480208 96511106 -1844739767 86251266 1544177710 548934800 1380020265 -1062960416 193022213 605487762 172502533 -1206611876 1097869600 -1534926766 -2125920832 386044427 1210975524 345005066 1881743544 -2099228095 1225113764 43125633 772088855 -1873016248 690010132 -531480208 96511106 -1844739767 86251266 1544177710 548934800 1380020265 -1062960416 193022213 605487762 172502533 -1206611876 1097869600 -1534926766 -2125920832 386044427 1210975524 345005066 1881743544 -2099228095 1225113764 43125633 772088855 -1873016248 690010132 -531480208 96511106 -1844739767 86251266 1544177710 548934800 1380020265 -1062960416 193022213 605487762 172502533 -1206611876 1097869600 -1534926766 -2125920832 386044427 1210975524 345005066 1881743544 -2099228095 1225113764 43125633 772088855 -1873016248 690010132 -531480208 96511106 -1844739767 86251266 1544177710 548934800 1380020265 -1062960416 193022213 605487762 172502533 -1206611876 1097869600 -1534926766 -2125920832 386044427 1210975524 345005066 1881743544 -2099228095 1225113764 43125633 772088855 -1873016248 690010132 -531480208 96511106 -1844739767 86251266 1544177710 548934800 1380020265 -1062960416 193022213 605487762 172502533 -1206611876 -1049614048 667082899 -2108717631 386178827 2083391806 620256274 1883893944 -1025469471 1334165799 77532034 772357655 -128183684 1240512548 -527179408 -2050938942 -1626635697 155064068 1544715310 -256367368 -1813942199 -1054358816 193089413 1008141471 309865993 -1205538724 -1049605664 646111379 -2108881471 386177547 1747847476 617634834 1883873464 -2099211455 1292222758 77204354 772355095 -1873014168 1226881060 -527285904 96543874 -1844739511 153360132 1544701998 548938896 -1841205175 -1054571808 193087749 605488274 306720265 -1205563300 1097877792 612556946 -2109143615 386175499 1210976548 613440530 1883840696 -2099211711 1225113892 76680066 772350999 -1873014200 1226881060 -535674512 96478338 -1844739767 86251266 1544177710 548934800 1380020265 -1062960416 193022213 605487762 172502533 -1206611876 1097869600 -1534926766 -2125920832 386044427 1210975524 345005066 1881743544 -2099228095 1225113764 43125633 772088855 -1873016248 690010132 -531480208 96511106 -1844739767 86251266 1544177710 548934800 1380020265 -1062960416 193022213 605487762 172502533 -1206611876 1097869600 -1534926766 -2125920832 386044427 1210975524 345005066 1881743544 -2099228095 1225113764 43125633 772088855 -1873016248 690010132 -531480208 96511106 -1844739767 86251266 1544177710 548934800 1380020265 -1062960416 193022213 605487762 172502533 -1206611876 1097869600 -1534926766 -2125920832 386044427 1210975524 345005066 1881743544 -2099228095 1225113764 43125633 772088855 -1873016248 690010132 -531480208 96511106 -1844739767 86251266 1544177710 548934800 1380020265 -1062960416 193022213 605487762 172502533 -1206611876 1097869600 -1534926766 -2125920832 11 
0
_M_SURF-3_S3
0
2
0
1
STEELBEAMSPAN-2
352
-2147483647
1400 1 16 343 0 1 0 -1 -1 866 1 -1073741821 11347 10816 33555457 268697608 2099200 536887312 4194432 33587201 262400 67110914 537395216 4198400 1073774624 8388864 67174402 524800 134221828 1074790432 8396800 -2147418048 16777728 134348804 1049600 268443656 -2145386432 16793600 131200 33555457 268697608 2099200 536887312 4194432 33587201 262400 67110914 537395216 4198400 1073774624 8388864 67174402 524800 134221828 1074790432 8396800 -2147418048 16777728 134348804 1049600 268443656 -2145386432 16793600 131200 33555457 268697608 2099200 536887312 4194432 33587201 262400 67110914 537395216 4198400 1073774624 8388864 67174402 524800 134221828 1074790432 8396800 -2147418048 16777728 134348804 1049600 268443656 -2145386432 16793600 131200 33555457 268697608 2099200 536887312 4194432 33587201 262400 67110914 537395216 4198400 1073774624 8388864 67174402 524800 134221828 1074790432 8396800 -2147418048 16777728 134348804 1049600 268443656 -2145386432 16793600 131200 33555457 268697608 2099200 536887312 4194432 33587201 262400 67110914 537395216 4198400 1073774624 8388864 67174402 524800 134221828 1074790432 8396800 -2147418048 16777728 134348804 1049600 268443656 -2145386432 16793600 131200 33555457 268697608 2099200 536887312 4194432 33587201 262400 67110914 537395216 4198400 1073774624 8388864 67174402 524800 134221828 1074790432 8396800 -2147418048 16777728 134348804 1049600 268443656 -2145386432 16793600 131200 33555457 268697608 2099200 536887312 4194432 33587201 262400 67110914 537395216 4198400 1073774624 8388864 67174402 524800 134221828 1074790432 8396800 -2147418048 16777728 134348804 1049600 268443656 -2145386432 16793600 131200 33555457 268697608 2099200 536887312 4194432 33587201 262400 67110914 537395216 4198400 1073774624 8388864 67174402 524800 134221828 1074790432 8396800 -2147418048 16777728 134348804 1049600 268443656 -2145386432 16793600 131200 33555457 268697608 2099200 536887312 4194432 33587201 262400 67110914 537395216 4198400 1073774624 8388864 67174402 524800 134221828 1074790432 8396800 -2147418048 16777728 134348804 1049600 268443656 -2145386432 16793600 131200 33555457 268697608 2099200 536887312 4194432 33587201 262400 67110914 537395216 4198400 1073774624 8388864 67174402 524800 134221828 1074790432 8396800 -2147418048 16777728 134348804 1049600 268443656 -2145386432 16793600 131200 33555457 268697608 2099200 536887312 4194432 33587201 262400 67110914 537395216 4198400 1073774624 8388864 67174402 524800 134221828 1074790432 8396800 -2147418048 16777728 134348804 1049600 268443656 -2145386432 16793600 131200 33555457 268697608 2099200 536887312 4194432 33587201 262400 67110914 537395216 4198400 1073774624 8388864 67174402 524800 134221828 1074790432 8396800 -2147418048 16777728 134348804 1049600 268443656 -2145386432 16793600 131200 33555457 268697608 2099200 536887312 4194432 33587201 262400 67110914 537395216 4198400 1073774624 8388864 67174402 524800 134221828 1074790432 8396800 -2147418048 16777728 134348804 1049600 268443656 -2145386432 16793600 131200 33555457 268697608 2099200 536887312 4194432 33587201 262400 67110914 537395216 4198400 1073774624 8388864 67174402 
0
_M_SURF-3_S4
0
2
0
1
STEELBEAMSPAN-2
352
-2147483647
1400 1 16 343 0 1 0 -1 -1 866 1 -1073741821 11358 10816 1107296289 8650752 67584 536871440 138412036 1081344 8448 -2080374718 17301504 135168 1073742880 276824072 2162688 16896 134217860 34603009 270336 -2147481536 553648144 4325376 33792 268435720 69206018 540672 4224 1107296289 8650752 67584 536871440 138412036 1081344 8448 -2080374718 17301504 135168 1073742880 276824072 2162688 16896 134217860 34603009 270336 -2147481536 553648144 4325376 33792 268435720 69206018 540672 4224 1107296289 8650752 67584 536871440 138412036 1081344 8448 -2080374718 17301504 135168 1073742880 276824072 2162688 16896 134217860 34603009 270336 -2147481536 553648144 4325376 33792 268435720 69206018 540672 4224 1107296289 8650752 67584 536871440 138412036 1081344 8448 -2080374718 17301504 135168 1073742880 276824072 2162688 16896 134217860 34603009 270336 -2147481536 553648144 4325376 33792 268435720 69206018 540672 4224 1107296289 8650752 67584 536871440 138412036 1081344 8448 -2080374718 17301504 135168 1073742880 276824072 2162688 16896 134217860 34603009 270336 -2147481536 553648144 4325376 33792 268435720 69206018 540672 4224 1107296289 8650752 67584 536871440 138412036 1081344 8448 -2080374718 17301504 135168 1073742880 276824072 2162688 16896 134217860 34603009 270336 -2147481536 553648144 4325376 33792 268435720 69206018 540672 4224 1107296289 8650752 67584 536871440 138412036 1081344 8448 -2080374718 17301504 135168 1073742880 276824072 2162688 16896 134217860 34603009 270336 -2147481536 553648144 4325376 33792 268435720 69206018 540672 4224 1107296289 8650752 67584 536871440 138412036 1081344 8448 -2080374718 17301504 135168 1073742880 276824072 2162688 16896 134217860 34603009 270336 -2147481536 553648144 4325376 33792 268435720 69206018 540672 4224 1107296289 8650752 67584 536871440 138412036 1081344 8448 -2080374718 17301504 135168 1073742880 276824072 2162688 16896 134217860 34603009 270336 -2147481536 553648144 4325376 33792 268435720 69206018 540672 4224 1107296289 8650752 67584 536871440 138412036 1081344 8448 -2080374718 17301504 135168 1073742880 276824072 2162688 16896 134217860 34603009 270336 -2147481536 553648144 4325376 33792 268435720 69206018 540672 4224 1107296289 8650752 67584 536871440 138412036 1081344 8448 -2080374718 17301504 135168 1073742880 276824072 2162688 16896 134217860 34603009 270336 -2147481536 553648144 4325376 33792 268435720 69206018 540672 4224 1107296289 8650752 67584 536871440 138412036 1081344 8448 -2080374718 17301504 135168 1073742880 276824072 2162688 16896 134217860 34603009 270336 -2147481536 553648144 4325376 33792 268435720 69206018 540672 4224 1107296289 8650752 67584 536871440 138412036 1081344 8448 -2080374718 17301504 135168 1073742880 276824072 2162688 16896 134217860 34603009 270336 -2147481536 553648144 4325376 33792 268435720 69206018 540672 4224 1107296289 8650752 67584 536871440 138412036 1081344 8448 -2080374718 17301504 135168 1073742880 276824072 2162688 
0
_M_SURF-3_S5
0
2
0
1
STEELBEAMSPAN-2
15
-2147483647
52 1 16 6 0 1 0 -1 -1 433 1 -1610612733 11354 433 25 
0
_M_SURF-3_S6
0
2
0
1
STEELBEAMSPAN-2
15
-2147483647
52 1 16 6 0 1 0 -1 -1 433 1 -1610612733 11364 433 25 
0
_M_SURF-4_S4
0
2
0
1
STEELBEAMSPAN-1
353
-2147483647
1404 1 16 344 0 1 0 -1 -1 1299 1 -1073741821 521 10848 34079745 268701704 1075841056 545275920 4259968 33587713 134480132 68159490 537403408 -2143285184 1090551840 8519936 67175426 268960264 136318980 1074806816 8396928 -2113863615 17039872 134350852 537920528 272637960 -2145353664 16793856 67240066 34079745 268701704 1075841056 545275920 4259968 33587713 134480132 68159490 537403408 -2143285184 1090551840 8519936 67175426 268960264 136318980 1074806816 8396928 -2113863615 17039872 134350852 537920528 272637960 -2145353664 16793856 67240066 34079745 268701704 1075841056 545275920 4259968 33587713 134480132 68159490 537403408 -2143285184 1090551840 8519936 67175426 268960264 136318980 1074806816 8396928 -2113863615 17039872 134350852 537920528 272637960 -2145353664 16793856 67240066 34079745 268701704 1075841056 545275920 4259968 33587713 134480132 68159490 537403408 -2143285184 1090551840 8519936 67175426 268960264 136318980 1074806816 8396928 -2113863615 17039872 134350852 537920528 272637960 -2145353664 16793856 67240066 34079745 268701704 1075841056 545275920 4259968 33587713 134480132 68159490 537403408 -2143285184 1090551840 8519936 67175426 268960264 136318980 1074806816 8396928 -2113863615 17039872 134350852 537920528 272637960 -2145353664 16793856 67240066 34079745 268701704 1075841056 545275920 4259968 33587713 134480132 68159490 537403408 -2143285184 1090551840 8519936 67175426 268960264 136318980 1074806816 8396928 -2113863615 17039872 134350852 537920528 272637960 -2145353664 16793856 67240066 34079745 268701704 1075841056 545275920 4259968 33587713 134480132 68159490 537403408 -2143285184 1090551840 8519936 67175426 268960264 136318980 1074806816 8396928 -2113863615 17039872 134350852 537920528 272637960 -2145353664 16793856 67240066 34079745 268701704 1075841056 545275920 4259968 33587713 134480132 68159490 537403408 -2143285184 1090551840 8519936 67175426 268960264 136318980 1074806816 8396928 -2113863615 17039872 134350852 537920528 272637960 -2145353664 16793856 67240066 34079745 268701704 1075841056 545275920 4259968 33587713 134480132 68159490 537403408 -2143285184 1090551840 8519936 67175426 268960264 136318980 1074806816 8396928 -2113863615 17039872 134350852 537920528 272637960 -2145353664 16793856 67240066 34079745 268701704 1075841056 545275920 4259968 33587713 134480132 68159490 537403408 -2143285184 1090551840 8519936 67175426 268960264 136318980 1074806816 8396928 -2113863615 17039872 134350852 537920528 272637960 -2145353664 16793856 67240066 34079745 268701704 1075841056 545275920 4259968 33587713 134480132 68159490 537403408 -2143285184 1090551840 8519936 67175426 268960264 136318980 1074806816 8396928 -2113863615 17039872 134350852 537920528 272637960 -2145353664 16793856 67240066 34079745 268701704 1075841056 545275920 4259968 33587713 134480132 68159490 537403408 -2143285184 1090551840 8519936 67175426 268960264 136318980 1074806816 8396928 -2113863615 17039872 134350852 537920528 272637960 -2145353664 16793856 67240066 34079745 268701704 1075841056 545275920 4259968 33587713 134480132 68159490 537403408 -2143285184 1090551840 8519936 67175426 268960264 136318980 1074806816 8396928 -2113863615 17039872 134350852 537920528 272637960 -2145353664 16793856 67240066 34079745 268701704 1075841056 545275920 4259968 33587713 134480132 68159490 537403408 -2143285184 1090551840 8519936 67175426 8 
0
_M_SURF-4_S5
0
2
0
1
STEELBEAMSPAN-1
15
-2147483647
52 1 16 6 0 1 0 -1 -1 433 1 -1610612733 528 433 25 
0
_M_SURF-4_S6
0
2
0
1
STEELBEAMSPAN-1
352
-2147483647
1400 1 16 343 0 1 0 -1 -1 866 1 -1073741821 530 10816 33556481 537133072 4196352 536903696 4194560 67141634 524544 67112962 1074266144 8392704 1073807392 8389120 134283268 1049088 134225924 -2146435008 16785408 -2147352512 16778240 268566536 2098176 268451848 2097280 33570817 262272 33556481 537133072 4196352 536903696 4194560 67141634 524544 67112962 1074266144 8392704 1073807392 8389120 134283268 1049088 134225924 -2146435008 16785408 -2147352512 16778240 268566536 2098176 268451848 2097280 33570817 262272 33556481 537133072 4196352 536903696 4194560 67141634 524544 67112962 1074266144 8392704 1073807392 8389120 134283268 1049088 134225924 -2146435008 16785408 -2147352512 16778240 268566536 2098176 268451848 2097280 33570817 262272 33556481 537133072 4196352 536903696 4194560 67141634 524544 67112962 1074266144 8392704 1073807392 8389120 134283268 1049088 134225924 -2146435008 16785408 -2147352512 16778240 268566536 2098176 268451848 2097280 33570817 262272 33556481 537133072 4196352 536903696 4194560 67141634 524544 67112962 1074266144 8392704 1073807392 8389120 134283268 1049088 134225924 -2146435008 16785408 -2147352512 16778240 268566536 2098176 268451848 2097280 33570817 262272 33556481 537133072 4196352 536903696 4194560 67141634 524544 67112962 1074266144 8392704 1073807392 8389120 134283268 1049088 134225924 -2146435008 16785408 -2147352512 16778240 268566536 2098176 268451848 2097280 33570817 262272 33556481 537133072 4196352 536903696 4194560 67141634 524544 67112962 1074266144 8392704 1073807392 8389120 134283268 1049088 134225924 -2146435008 16785408 -2147352512 16778240 268566536 2098176 268451848 2097280 33570817 262272 33556481 537133072 4196352 536903696 4194560 67141634 524544 67112962 1074266144 8392704 1073807392 8389120 134283268 1049088 134225924 -2146435008 16785408 -2147352512 16778240 268566536 2098176 268451848 2097280 33570817 262272 33556481 537133072 4196352 536903696 4194560 67141634 524544 67112962 1074266144 8392704 1073807392 8389120 134283268 1049088 134225924 -2146435008 16785408 -2147352512 16778240 268566536 2098176 268451848 2097280 33570817 262272 33556481 537133072 4196352 536903696 4194560 67141634 524544 67112962 1074266144 8392704 1073807392 8389120 134283268 1049088 134225924 -2146435008 16785408 -2147352512 16778240 268566536 2098176 268451848 2097280 33570817 262272 33556481 537133072 4196352 536903696 4194560 67141634 524544 67112962 1074266144 8392704 1073807392 8389120 134283268 1049088 134225924 -2146435008 16785408 -2147352512 16778240 268566536 2098176 268451848 2097280 33570817 262272 33556481 537133072 4196352 536903696 4194560 67141634 524544 67112962 1074266144 8392704 1073807392 8389120 134283268 1049088 134225924 -2146435008 16785408 -2147352512 16778240 268566536 2098176 268451848 2097280 33570817 262272 33556481 537133072 4196352 536903696 4194560 67141634 524544 67112962 1074266144 8392704 1073807392 8389120 134283268 1049088 134225924 -2146435008 16785408 -2147352512 16778240 268566536 2098176 268451848 2097280 33570817 262272 33556481 537133072 4196352 536903696 4194560 67141634 524544 67112962 1074266144 8392704 1073807392 8389120 134283268 
0
_S_SURF-3_S6
0
2
0
1
CONCRETEPATH-1
43
1 13 25 37 49 61 73 85 97 109 121 133 145 157 169 181 193 205 217 229 241 253 265 277 289 301 313 325 337 349 361 373 385 397 409 421 433 445 457 469 481 493 505 
0
_S_SURF-4_S6
0
2
0
1
CONCRETEPATH-1
43
3 15 27 39 51 63 75 87 99 111 123 135 147 159 171 183 195 207 219 231 243 255 267 279 291 303 315 327 339 351 363 375 387 399 411 423 435 447 459 471 483 495 507 
0
3
CONCRETEPATH-1
4
 P       1
0
2
14
-2147483647
48 1 16 5 0 1 0 -1 -1 516 1 -1879048189 1 516 
0
0
 P       1SET-1
0
2
24
1 2 3 4 5 6 7 8 9 10 11 12 505 506 507 508 509 510 511 512 513 514 515 516 
0
0
 P       1WarnElemDistorted
0
2
86
6 10 18 22 30 34 42 46 54 58 66 70 78 82 90 94 102 106 114 118 126 130 138 142 150 154 162 166 174 178 186 190 198 202 210 214 222 226 234 238 246 250 258 262 270 274 282 286 294 298 306 310 318 322 330 334 342 346 354 358 366 370 378 382 390 394 402 406 414 418 426 430 438 442 450 454 462 466 474 478 486 490 498 502 510 514 
0
0
SET-1
0
1
14
-2147483647
48 1 16 5 0 1 0 -1 -1 516 1 -1879048189 1 516 
0
0
0
STEELBEAMSPAN-1
5
 P       2
0
2
14
-2147483647
48 1 16 5 0 1 0 -1 -1 10825 1 -1879048189 517 10825 
0
0
 P       2SET-1
0
2
50
517 518 519 520 521 522 523 524 525 526 527 528 529 530 531 532 533 534 535 536 537 538 539 540 541 11317 11318 11319 11320 11321 11322 11323 11324 11325 11326 11327 11328 11329 11330 11331 11332 11333 11334 11335 11336 11337 11338 11339 11340 11341 
0
0
 P       2SET-2
0
2
15
5892 5893 5894 5895 5912 5917 5918 5919 5920 5937 5942 5943 5944 5945 5962 
0
0
 P       2WarnElemDistorted
0
2
353
-2147483647
1404 1 16 344 0 1 0 -1 -1 3568 1 -1073741821 518 10848 -1844739767 86251266 1544177710 548934800 1380020265 -1062960416 193022213 605487762 172502533 -1206611876 1097869600 -1534926766 -2125920832 386044427 1210975524 345005066 1881743544 -2099228095 1225113764 43125633 772088855 -1873016248 690010132 -531480208 96511106 -1844739767 86251266 1544177710 548934800 1380020265 -1062960416 193022213 605487762 172502533 -1206611876 1097869600 -1534926766 -2125920832 386044427 1210975524 345005066 1881743544 -2099228095 1225113764 43125633 772088855 -1873016248 690010132 -531480208 96511106 -1844739767 86251266 1544177710 548934800 1380020265 -1062960416 193022213 605487762 172502533 -1206611876 1097869600 -1534926766 -2125920832 386044427 1210975524 345005066 1881743544 -2099228095 1225113764 43125633 772088855 -1873016248 690010132 -531480208 96511106 -1844739767 86251266 1544177710 548934800 1380020265 -1062960416 193022213 605487762 172502533 -1206611876 1097869600 -1534926766 -2125920832 386044427 1210975524 345005066 1881743544 -2099228095 1225113764 43125633 772088855 -1873016248 690010132 -531480208 96511106 -1844739767 86251266 1544177710 548934800 1380020265 -1062960416 193022213 605487762 172502533 -1206611876 1097869600 -1534926766 -2125920832 386044427 1210975524 345005066 1881743544 -2099228095 1225113764 43125633 772088855 -1873016248 690010132 -531480208 96511106 -1844739767 86251266 1544177710 548934800 1380020265 -1062960416 193022213 605487762 172502533 -1206611876 1097869600 -1534926766 -2125920832 386044427 1210975524 345005066 1881743544 -2099228095 1225113764 43125633 772088855 -1873016248 690010132 -531480208 96511106 -1844739767 86251266 1544177710 548934800 1380020265 -1062960416 193022213 605487762 172502533 -1206611876 1097869600 -1534926766 -2125920832 386044427 1210975524 345005066 1881743544 -2099228095 1225113764 43125633 772088855 -1873016248 690010132 -531480208 96511106 -1844739767 86251266 1544177710 548934800 1380020265 -1062960416 193022213 605487762 172502533 -1206611876 -1049614048 667082899 -2108717631 386178827 2083391806 620256274 1883893944 -1025469471 1334165799 77532034 772357655 -128183684 1240512548 -527179408 -2050938942 -1626635697 155064068 1544715310 -256367368 -1813942199 -1054358816 193089413 1008141471 309865993 -1205538724 -1049605664 646111379 -2108881471 386177547 1747847476 617634834 1883873464 -2099211455 1292222758 77204354 772355095 -1873014168 1226881060 -527285904 96543874 -1844739511 153360132 1544701998 548938896 -1841205175 -1054571808 193087749 605488274 306720265 -1205563300 1097877792 612556946 -2109143615 386175499 1210976548 613440530 1883840696 -2099211711 1225113892 76680066 772350999 -1873014200 1226881060 -535674512 96478338 -1844739767 86251266 1544177710 548934800 1380020265 -1062960416 193022213 605487762 172502533 -1206611876 1097869600 -1534926766 -2125920832 386044427 1210975524 345005066 1881743544 -2099228095 1225113764 43125633 772088855 -1873016248 690010132 -531480208 96511106 -1844739767 86251266 1544177710 548934800 1380020265 -1062960416 193022213 605487762 172502533 -1206611876 1097869600 -1534926766 -2125920832 386044427 1210975524 345005066 1881743544 -2099228095 1225113764 43125633 772088855 -1873016248 690010132 -531480208 96511106 -1844739767 86251266 1544177710 548934800 1380020265 -1062960416 193022213 605487762 172502533 -1206611876 1097869600 -1534926766 -2125920832 386044427 1210975524 345005066 1881743544 -2099228095 1225113764 43125633 772088855 -1873016248 690010132 -531480208 96511106 -1844739767 86251266 1544177710 548934800 1380020265 -1062960416 193022213 605487762 172502533 -1206611876 1097869600 -1534926766 -2125920832 11 
0
0
SET-1
0
1
14
-2147483647
48 1 16 5 0 1 0 -1 -1 10825 1 -1879048189 517 10825 
0
0
0
STEELBEAMSPAN-2
5
 P       3
0
2
14
-2147483647
48 1 16 5 0 1 0 -1 -1 10825 1 -1879048189 11342 10825 
0
0
 P       3SET-1
0
2
50
11342 11343 11344 11345 11346 11347 11348 11349 11350 11351 11352 11353 11354 11355 11356 11357 11358 11359 11360 11361 11362 11363 11364 11365 11366 22142 22143 22144 22145 22146 22147 22148 22149 22150 22151 22152 22153 22154 22155 22156 22157 22158 22159 22160 22161 22162 22163 22164 22165 22166 
0
0
 P       3SET-2
0
2
15
16717 16718 16719 16720 16737 16742 16743 16744 16745 16762 16767 16768 16769 16770 16787 
0
0
 P       3WarnElemDistorted
0
2
353
-2147483647
1404 1 16 344 0 1 0 -1 -1 3568 1 -1073741821 11343 10848 -1844739767 86251266 1544177710 548934800 1380020265 -1062960416 193022213 605487762 172502533 -1206611876 1097869600 -1534926766 -2125920832 386044427 1210975524 345005066 1881743544 -2099228095 1225113764 43125633 772088855 -1873016248 690010132 -531480208 96511106 -1844739767 86251266 1544177710 548934800 1380020265 -1062960416 193022213 605487762 172502533 -1206611876 1097869600 -1534926766 -2125920832 386044427 1210975524 345005066 1881743544 -2099228095 1225113764 43125633 772088855 -1873016248 690010132 -531480208 96511106 -1844739767 86251266 1544177710 548934800 1380020265 -1062960416 193022213 605487762 172502533 -1206611876 1097869600 -1534926766 -2125920832 386044427 1210975524 345005066 1881743544 -2099228095 1225113764 43125633 772088855 -1873016248 690010132 -531480208 96511106 -1844739767 86251266 1544177710 548934800 1380020265 -1062960416 193022213 605487762 172502533 -1206611876 1097869600 -1534926766 -2125920832 386044427 1210975524 345005066 1881743544 -2099228095 1225113764 43125633 772088855 -1873016248 690010132 -531480208 96511106 -1844739767 86251266 1544177710 548934800 1380020265 -1062960416 193022213 605487762 172502533 -1206611876 1097869600 -1534926766 -2125920832 386044427 1210975524 345005066 1881743544 -2099228095 1225113764 43125633 772088855 -1873016248 690010132 -531480208 96511106 -1844739767 86251266 1544177710 548934800 1380020265 -1062960416 193022213 605487762 172502533 -1206611876 1097869600 -1534926766 -2125920832 386044427 1210975524 345005066 1881743544 -2099228095 1225113764 43125633 772088855 -1873016248 690010132 -531480208 96511106 -1844739767 86251266 1544177710 548934800 1380020265 -1062960416 193022213 605487762 172502533 -1206611876 1097869600 -1534926766 -2125920832 386044427 1210975524 345005066 1881743544 -2099228095 1225113764 43125633 772088855 -1873016248 690010132 -531480208 96511106 -1844739767 86251266 1544177710 548934800 1380020265 -1062960416 193022213 605487762 172502533 -1206611876 -1049614048 667082899 -2108717631 386178827 2083391806 620256274 1883893944 -1025469471 1334165799 77532034 772357655 -128183684 1240512548 -527179408 -2050938942 -1626635697 155064068 1544715310 -256367368 -1813942199 -1054358816 193089413 1008141471 309865993 -1205538724 -1049605664 646111379 -2108881471 386177547 1747847476 617634834 1883873464 -2099211455 1292222758 77204354 772355095 -1873014168 1226881060 -527285904 96543874 -1844739511 153360132 1544701998 548938896 -1841205175 -1054571808 193087749 605488274 306720265 -1205563300 1097877792 612556946 -2109143615 386175499 1210976548 613440530 1883840696 -2099211711 1225113892 76680066 772350999 -1873014200 1226881060 -535674512 96478338 -1844739767 86251266 1544177710 548934800 1380020265 -1062960416 193022213 605487762 172502533 -1206611876 1097869600 -1534926766 -2125920832 386044427 1210975524 345005066 1881743544 -2099228095 1225113764 43125633 772088855 -1873016248 690010132 -531480208 96511106 -1844739767 86251266 1544177710 548934800 1380020265 -1062960416 193022213 605487762 172502533 -1206611876 1097869600 -1534926766 -2125920832 386044427 1210975524 345005066 1881743544 -2099228095 1225113764 43125633 772088855 -1873016248 690010132 -531480208 96511106 -1844739767 86251266 1544177710 548934800 1380020265 -1062960416 193022213 605487762 172502533 -1206611876 1097869600 -1534926766 -2125920832 386044427 1210975524 345005066 1881743544 -2099228095 1225113764 43125633 772088855 -1873016248 690010132 -531480208 96511106 -1844739767 86251266 1544177710 548934800 1380020265 -1062960416 193022213 605487762 172502533 -1206611876 1097869600 -1534926766 -2125920832 11 
0
0
SET-1
0
1
14
-2147483647
48 1 16 5 0 1 0 -1 -1 10825 1 -1879048189 11342 10825 
0
0
0
3

0
2
0
3
CONCRETEPATH-1
14
-2147483647
48 1 16 5 0 1 0 -1 -1 968 1 -1879048189 1 968 
STEELBEAMSPAN-1
14
-2147483647
48 1 16 5 0 1 0 -1 -1 17794 1 -1879048189 969 17794 
STEELBEAMSPAN-2
14
-2147483647
48 1 16 5 0 1 0 -1 -1 17794 1 -1879048189 18763 17794 
0
SET-1
0
1
0
3
CONCRETEPATH-1
44
1 2 3 4 5 6 7 8 9 10 11 12 13 14 15 16 17 18 19 20 21 22 947 948 949 950 951 952 953 954 955 956 957 958 959 960 961 962 963 964 965 966 967 968 
STEELBEAMSPAN-1
82
969 970 971 972 973 974 975 976 977 978 979 980 981 982 983 984 985 986 987 988 989 990 991 992 993 994 995 996 997 998 999 1000 1001 1002 1003 1004 1005 1006 1007 1008 1009 18722 18723 18724 18725 18726 18727 18728 18729 18730 18731 18732 18733 18734 18735 18736 18737 18738 18739 18740 18741 18742 18743 18744 18745 18746 18747 18748 18749 18750 18751 18752 18753 18754 18755 18756 18757 18758 18759 18760 18761 18762 
STEELBEAMSPAN-2
82
18763 18764 18765 18766 18767 18768 18769 18770 18771 18772 18773 18774 18775 18776 18777 18778 18779 18780 18781 18782 18783 18784 18785 18786 18787 18788 18789 18790 18791 18792 18793 18794 18795 18796 18797 18798 18799 18800 18801 18802 18803 36516 36517 36518 36519 36520 36521 36522 36523 36524 36525 36526 36527 36528 36529 36530 36531 36532 36533 36534 36535 36536 36537 36538 36539 36540 36541 36542 36543 36544 36545 36546 36547 36548 36549 36550 36551 36552 36553 36554 36555 36556 
0
SET-2
0
1
0
2
STEELBEAMSPAN-1
24
9784 9795 9810 9811 9812 9813 9825 9836 9851 9852 9853 9854 9866 9877 9892 9893 9894 9895 9907 9918 9933 9934 9935 9936 
STEELBEAMSPAN-2
24
27578 27589 27604 27605 27606 27607 27619 27630 27645 27646 27647 27648 27660 27671 27686 27687 27688 27689 27701 27712 27727 27728 27729 27730 
0
3
CONCRETEPATH-1
3
 P       1
0
2
14
-2147483647
48 1 16 5 0 1 0 -1 -1 968 1 -1879048189 1 968 
0
0
 P       1SET-1
0
2
44
1 2 3 4 5 6 7 8 9 10 11 12 13 14 15 16 17 18 19 20 21 22 947 948 949 950 951 952 953 954 955 956 957 958 959 960 961 962 963 964 965 966 967 968 
0
0
SET-1
0
1
14
-2147483647
48 1 16 5 0 1 0 -1 -1 968 1 -1879048189 1 968 
0
0
0
STEELBEAMSPAN-1
4
 P       2
0
2
14
-2147483647
48 1 16 5 0 1 0 -1 -1 17794 1 -1879048189 969 17794 
0
0
 P       2SET-1
0
2
82
969 970 971 972 973 974 975 976 977 978 979 980 981 982 983 984 985 986 987 988 989 990 991 992 993 994 995 996 997 998 999 1000 1001 1002 1003 1004 1005 1006 1007 1008 1009 18722 18723 18724 18725 18726 18727 18728 18729 18730 18731 18732 18733 18734 18735 18736 18737 18738 18739 18740 18741 18742 18743 18744 18745 18746 18747 18748 18749 18750 18751 18752 18753 18754 18755 18756 18757 18758 18759 18760 18761 18762 
0
0
 P       2SET-2
0
2
24
9784 9795 9810 9811 9812 9813 9825 9836 9851 9852 9853 9854 9866 9877 9892 9893 9894 9895 9907 9918 9933 9934 9935 9936 
0
0
SET-1
0
1
14
-2147483647
48 1 16 5 0 1 0 -1 -1 17794 1 -1879048189 969 17794 
0
0
0
STEELBEAMSPAN-2
4
 P       3
0
2
14
-2147483647
48 1 16 5 0 1 0 -1 -1 17794 1 -1879048189 18763 17794 
0
0
 P       3SET-1
0
2
82
18763 18764 18765 18766 18767 18768 18769 18770 18771 18772 18773 18774 18775 18776 18777 18778 18779 18780 18781 18782 18783 18784 18785 18786 18787 18788 18789 18790 18791 18792 18793 18794 18795 18796 18797 18798 18799 18800 18801 18802 18803 36516 36517 36518 36519 36520 36521 36522 36523 36524 36525 36526 36527 36528 36529 36530 36531 36532 36533 36534 36535 36536 36537 36538 36539 36540 36541 36542 36543 36544 36545 36546 36547 36548 36549 36550 36551 36552 36553 36554 36555 36556 
0
0
 P       3SET-2
0
2
24
27578 27589 27604 27605 27606 27607 27619 27630 27645 27646 27647 27648 27660 27671 27686 27687 27688 27689 27701 27712 27727 27728 27729 27730 
0
0
SET-1
0
1
14
-2147483647
48 1 16 5 0 1 0 -1 -1 17794 1 -1879048189 18763 17794 
0
0
0
0
4
M_SURF-3
0
0
0
1
STEELBEAMSPAN-2
0
0
4
S3
352
-2147483647
1400 1 16 343 0 1 0 -1 -1 866 1 -1073741821 11347 10816 33555457 268697608 2099200 536887312 4194432 33587201 262400 67110914 537395216 4198400 1073774624 8388864 67174402 524800 134221828 1074790432 8396800 -2147418048 16777728 134348804 1049600 268443656 -2145386432 16793600 131200 33555457 268697608 2099200 536887312 4194432 33587201 262400 67110914 537395216 4198400 1073774624 8388864 67174402 524800 134221828 1074790432 8396800 -2147418048 16777728 134348804 1049600 268443656 -2145386432 16793600 131200 33555457 268697608 2099200 536887312 4194432 33587201 262400 67110914 537395216 4198400 1073774624 8388864 67174402 524800 134221828 1074790432 8396800 -2147418048 16777728 134348804 1049600 268443656 -2145386432 16793600 131200 33555457 268697608 2099200 536887312 4194432 33587201 262400 67110914 537395216 4198400 1073774624 8388864 67174402 524800 134221828 1074790432 8396800 -2147418048 16777728 134348804 1049600 268443656 -2145386432 16793600 131200 33555457 268697608 2099200 536887312 4194432 33587201 262400 67110914 537395216 4198400 1073774624 8388864 67174402 524800 134221828 1074790432 8396800 -2147418048 16777728 134348804 1049600 268443656 -2145386432 16793600 131200 33555457 268697608 2099200 536887312 4194432 33587201 262400 67110914 537395216 4198400 1073774624 8388864 67174402 524800 134221828 1074790432 8396800 -2147418048 16777728 134348804 1049600 268443656 -2145386432 16793600 131200 33555457 268697608 2099200 536887312 4194432 33587201 262400 67110914 537395216 4198400 1073774624 8388864 67174402 524800 134221828 1074790432 8396800 -2147418048 16777728 134348804 1049600 268443656 -2145386432 16793600 131200 33555457 268697608 2099200 536887312 4194432 33587201 262400 67110914 537395216 4198400 1073774624 8388864 67174402 524800 134221828 1074790432 8396800 -2147418048 16777728 134348804 1049600 268443656 -2145386432 16793600 131200 33555457 268697608 2099200 536887312 4194432 33587201 262400 67110914 537395216 4198400 1073774624 8388864 67174402 524800 134221828 1074790432 8396800 -2147418048 16777728 134348804 1049600 268443656 -2145386432 16793600 131200 33555457 268697608 2099200 536887312 4194432 33587201 262400 67110914 537395216 4198400 1073774624 8388864 67174402 524800 134221828 1074790432 8396800 -2147418048 16777728 134348804 1049600 268443656 -2145386432 16793600 131200 33555457 268697608 2099200 536887312 4194432 33587201 262400 67110914 537395216 4198400 1073774624 8388864 67174402 524800 134221828 1074790432 8396800 -2147418048 16777728 134348804 1049600 268443656 -2145386432 16793600 131200 33555457 268697608 2099200 536887312 4194432 33587201 262400 67110914 537395216 4198400 1073774624 8388864 67174402 524800 134221828 1074790432 8396800 -2147418048 16777728 134348804 1049600 268443656 -2145386432 16793600 131200 33555457 268697608 2099200 536887312 4194432 33587201 262400 67110914 537395216 4198400 1073774624 8388864 67174402 524800 134221828 1074790432 8396800 -2147418048 16777728 134348804 1049600 268443656 -2145386432 16793600 131200 33555457 268697608 2099200 536887312 4194432 33587201 262400 67110914 537395216 4198400 1073774624 8388864 67174402 
S5
15
-2147483647
52 1 16 6 0 1 0 -1 -1 433 1 -1610612733 11354 433 25 
S4
352
-2147483647
1400 1 16 343 0 1 0 -1 -1 866 1 -1073741821 11358 10816 1107296289 8650752 67584 536871440 138412036 1081344 8448 -2080374718 17301504 135168 1073742880 276824072 2162688 16896 134217860 34603009 270336 -2147481536 553648144 4325376 33792 268435720 69206018 540672 4224 1107296289 8650752 67584 536871440 138412036 1081344 8448 -2080374718 17301504 135168 1073742880 276824072 2162688 16896 134217860 34603009 270336 -2147481536 553648144 4325376 33792 268435720 69206018 540672 4224 1107296289 8650752 67584 536871440 138412036 1081344 8448 -2080374718 17301504 135168 1073742880 276824072 2162688 16896 134217860 34603009 270336 -2147481536 553648144 4325376 33792 268435720 69206018 540672 4224 1107296289 8650752 67584 536871440 138412036 1081344 8448 -2080374718 17301504 135168 1073742880 276824072 2162688 16896 134217860 34603009 270336 -2147481536 553648144 4325376 33792 268435720 69206018 540672 4224 1107296289 8650752 67584 536871440 138412036 1081344 8448 -2080374718 17301504 135168 1073742880 276824072 2162688 16896 134217860 34603009 270336 -2147481536 553648144 4325376 33792 268435720 69206018 540672 4224 1107296289 8650752 67584 536871440 138412036 1081344 8448 -2080374718 17301504 135168 1073742880 276824072 2162688 16896 134217860 34603009 270336 -2147481536 553648144 4325376 33792 268435720 69206018 540672 4224 1107296289 8650752 67584 536871440 138412036 1081344 8448 -2080374718 17301504 135168 1073742880 276824072 2162688 16896 134217860 34603009 270336 -2147481536 553648144 4325376 33792 268435720 69206018 540672 4224 1107296289 8650752 67584 536871440 138412036 1081344 8448 -2080374718 17301504 135168 1073742880 276824072 2162688 16896 134217860 34603009 270336 -2147481536 553648144 4325376 33792 268435720 69206018 540672 4224 1107296289 8650752 67584 536871440 138412036 1081344 8448 -2080374718 17301504 135168 1073742880 276824072 2162688 16896 134217860 34603009 270336 -2147481536 553648144 4325376 33792 268435720 69206018 540672 4224 1107296289 8650752 67584 536871440 138412036 1081344 8448 -2080374718 17301504 135168 1073742880 276824072 2162688 16896 134217860 34603009 270336 -2147481536 553648144 4325376 33792 268435720 69206018 540672 4224 1107296289 8650752 67584 536871440 138412036 1081344 8448 -2080374718 17301504 135168 1073742880 276824072 2162688 16896 134217860 34603009 270336 -2147481536 553648144 4325376 33792 268435720 69206018 540672 4224 1107296289 8650752 67584 536871440 138412036 1081344 8448 -2080374718 17301504 135168 1073742880 276824072 2162688 16896 134217860 34603009 270336 -2147481536 553648144 4325376 33792 268435720 69206018 540672 4224 1107296289 8650752 67584 536871440 138412036 1081344 8448 -2080374718 17301504 135168 1073742880 276824072 2162688 16896 134217860 34603009 270336 -2147481536 553648144 4325376 33792 268435720 69206018 540672 4224 1107296289 8650752 67584 536871440 138412036 1081344 8448 -2080374718 17301504 135168 1073742880 276824072 2162688 
S6
15
-2147483647
52 1 16 6 0 1 0 -1 -1 433 1 -1610612733 11364 433 25 
M_SURF-4
0
0
0
1
STEELBEAMSPAN-1
0
0
3
S4
353
-2147483647
1404 1 16 344 0 1 0 -1 -1 1299 1 -1073741821 521 10848 34079745 268701704 1075841056 545275920 4259968 33587713 134480132 68159490 537403408 -2143285184 1090551840 8519936 67175426 268960264 136318980 1074806816 8396928 -2113863615 17039872 134350852 537920528 272637960 -2145353664 16793856 67240066 34079745 268701704 1075841056 545275920 4259968 33587713 134480132 68159490 537403408 -2143285184 1090551840 8519936 67175426 268960264 136318980 1074806816 8396928 -2113863615 17039872 134350852 537920528 272637960 -2145353664 16793856 67240066 34079745 268701704 1075841056 545275920 4259968 33587713 134480132 68159490 537403408 -2143285184 1090551840 8519936 67175426 268960264 136318980 1074806816 8396928 -2113863615 17039872 134350852 537920528 272637960 -2145353664 16793856 67240066 34079745 268701704 1075841056 545275920 4259968 33587713 134480132 68159490 537403408 -2143285184 1090551840 8519936 67175426 268960264 136318980 1074806816 8396928 -2113863615 17039872 134350852 537920528 272637960 -2145353664 16793856 67240066 34079745 268701704 1075841056 545275920 4259968 33587713 134480132 68159490 537403408 -2143285184 1090551840 8519936 67175426 268960264 136318980 1074806816 8396928 -2113863615 17039872 134350852 537920528 272637960 -2145353664 16793856 67240066 34079745 268701704 1075841056 545275920 4259968 33587713 134480132 68159490 537403408 -2143285184 1090551840 8519936 67175426 268960264 136318980 1074806816 8396928 -2113863615 17039872 134350852 537920528 272637960 -2145353664 16793856 67240066 34079745 268701704 1075841056 545275920 4259968 33587713 134480132 68159490 537403408 -2143285184 1090551840 8519936 67175426 268960264 136318980 1074806816 8396928 -2113863615 17039872 134350852 537920528 272637960 -2145353664 16793856 67240066 34079745 268701704 1075841056 545275920 4259968 33587713 134480132 68159490 537403408 -2143285184 1090551840 8519936 67175426 268960264 136318980 1074806816 8396928 -2113863615 17039872 134350852 537920528 272637960 -2145353664 16793856 67240066 34079745 268701704 1075841056 545275920 4259968 33587713 134480132 68159490 537403408 -2143285184 1090551840 8519936 67175426 268960264 136318980 1074806816 8396928 -2113863615 17039872 134350852 537920528 272637960 -2145353664 16793856 67240066 34079745 268701704 1075841056 545275920 4259968 33587713 134480132 68159490 537403408 -2143285184 1090551840 8519936 67175426 268960264 136318980 1074806816 8396928 -2113863615 17039872 134350852 537920528 272637960 -2145353664 16793856 67240066 34079745 268701704 1075841056 545275920 4259968 33587713 134480132 68159490 537403408 -2143285184 1090551840 8519936 67175426 268960264 136318980 1074806816 8396928 -2113863615 17039872 134350852 537920528 272637960 -2145353664 16793856 67240066 34079745 268701704 1075841056 545275920 4259968 33587713 134480132 68159490 537403408 -2143285184 1090551840 8519936 67175426 268960264 136318980 1074806816 8396928 -2113863615 17039872 134350852 537920528 272637960 -2145353664 16793856 67240066 34079745 268701704 1075841056 545275920 4259968 33587713 134480132 68159490 537403408 -2143285184 1090551840 8519936 67175426 268960264 136318980 1074806816 8396928 -2113863615 17039872 134350852 537920528 272637960 -2145353664 16793856 67240066 34079745 268701704 1075841056 545275920 4259968 33587713 134480132 68159490 537403408 -2143285184 1090551840 8519936 67175426 8 
S5
15
-2147483647
52 1 16 6 0 1 0 -1 -1 433 1 -1610612733 528 433 25 
S6
352
-2147483647
1400 1 16 343 0 1 0 -1 -1 866 1 -1073741821 530 10816 33556481 537133072 4196352 536903696 4194560 67141634 524544 67112962 1074266144 8392704 1073807392 8389120 134283268 1049088 134225924 -2146435008 16785408 -2147352512 16778240 268566536 2098176 268451848 2097280 33570817 262272 33556481 537133072 4196352 536903696 4194560 67141634 524544 67112962 1074266144 8392704 1073807392 8389120 134283268 1049088 134225924 -2146435008 16785408 -2147352512 16778240 268566536 2098176 268451848 2097280 33570817 262272 33556481 537133072 4196352 536903696 4194560 67141634 524544 67112962 1074266144 8392704 1073807392 8389120 134283268 1049088 134225924 -2146435008 16785408 -2147352512 16778240 268566536 2098176 268451848 2097280 33570817 262272 33556481 537133072 4196352 536903696 4194560 67141634 524544 67112962 1074266144 8392704 1073807392 8389120 134283268 1049088 134225924 -2146435008 16785408 -2147352512 16778240 268566536 2098176 268451848 2097280 33570817 262272 33556481 537133072 4196352 536903696 4194560 67141634 524544 67112962 1074266144 8392704 1073807392 8389120 134283268 1049088 134225924 -2146435008 16785408 -2147352512 16778240 268566536 2098176 268451848 2097280 33570817 262272 33556481 537133072 4196352 536903696 4194560 67141634 524544 67112962 1074266144 8392704 1073807392 8389120 134283268 1049088 134225924 -2146435008 16785408 -2147352512 16778240 268566536 2098176 268451848 2097280 33570817 262272 33556481 537133072 4196352 536903696 4194560 67141634 524544 67112962 1074266144 8392704 1073807392 8389120 134283268 1049088 134225924 -2146435008 16785408 -2147352512 16778240 268566536 2098176 268451848 2097280 33570817 262272 33556481 537133072 4196352 536903696 4194560 67141634 524544 67112962 1074266144 8392704 1073807392 8389120 134283268 1049088 134225924 -2146435008 16785408 -2147352512 16778240 268566536 2098176 268451848 2097280 33570817 262272 33556481 537133072 4196352 536903696 4194560 67141634 524544 67112962 1074266144 8392704 1073807392 8389120 134283268 1049088 134225924 -2146435008 16785408 -2147352512 16778240 268566536 2098176 268451848 2097280 33570817 262272 33556481 537133072 4196352 536903696 4194560 67141634 524544 67112962 1074266144 8392704 1073807392 8389120 134283268 1049088 134225924 -2146435008 16785408 -2147352512 16778240 268566536 2098176 268451848 2097280 33570817 262272 33556481 537133072 4196352 536903696 4194560 67141634 524544 67112962 1074266144 8392704 1073807392 8389120 134283268 1049088 134225924 -2146435008 16785408 -2147352512 16778240 268566536 2098176 268451848 2097280 33570817 262272 33556481 537133072 4196352 536903696 4194560 67141634 524544 67112962 1074266144 8392704 1073807392 8389120 134283268 1049088 134225924 -2146435008 16785408 -2147352512 16778240 268566536 2098176 268451848 2097280 33570817 262272 33556481 537133072 4196352 536903696 4194560 67141634 524544 67112962 1074266144 8392704 1073807392 8389120 134283268 1049088 134225924 -2146435008 16785408 -2147352512 16778240 268566536 2098176 268451848 2097280 33570817 262272 33556481 537133072 4196352 536903696 4194560 67141634 524544 67112962 1074266144 8392704 1073807392 8389120 134283268 
S_SURF-3
0
0
0
1
CONCRETEPATH-1
0
0
1
S6
43
1 13 25 37 49 61 73 85 97 109 121 133 145 157 169 181 193 205 217 229 241 253 265 277 289 301 313 325 337 349 361 373 385 397 409 421 433 445 457 469 481 493 505 
S_SURF-4
0
0
0
1
CONCRETEPATH-1
0
0
1
S6
43
3 15 27 39 51 63 75 87 99 111 123 135 147 159 171 183 195 207 219 231 243 255 267 279 291 303 315 327 339 351 363 375 387 399 411 423 435 447 459 471 483 495 507 
