Analysis initiated from SIMULIA established products
Abaqus JOB Job-1
Abaqus 2024
Abaqus License Manager checked out the following licenses:
Abaqus/Standard checked out 5 tokens from Flexnet server cocoec-lic2.cec.sc.edu.
<475 out of 480 licenses remain available>.
Begin Analysis Input File Processor
6/5/2024 5:48:21 PM
Run pre.exe
6/5/2024 5:48:25 PM
End Analysis Input File Processor
Begin Abaqus/Standard Analysis
6/5/2024 5:48:25 PM
Run standard.exe
6/5/2024 5:48:40 PM
End Abaqus/Standard Analysis
Begin SIM Wrap-up
6/5/2024 5:48:41 PM
Run SMASimUtility.exe
6/5/2024 5:48:41 PM
End SIM Wrap-up
Abaqus JOB Job-1 COMPLETED
