Analysis initiated from SIMULIA established products
Abaqus JOB SpringOriginalSupportOnly
Abaqus 2020
Abaqus License Manager checked out the following licenses:
Abaqus/Foundation checked out 3 tokens from Flexnet server cocoec-lic2.cec.sc.edu.
<280 out of 283 licenses remain available>.
Begin Analysis Input File Processor
8/30/2024 3:55:40 PM
Run pre.exe
8/30/2024 3:55:50 PM
End Analysis Input File Processor
Begin Abaqus/Standard Analysis
8/30/2024 3:55:50 PM
Run standard.exe
8/30/2024 3:56:58 PM
End Abaqus/Standard Analysis
Begin SIM Wrap-up
8/30/2024 3:56:59 PM
Run SMASimUtility.exe
8/30/2024 3:56:59 PM
End SIM Wrap-up
Abaqus JOB SpringOriginalSupportOnly COMPLETED
